<?xml version="1.0" encoding="UTF-8"?>
<testng-results skipped="0" failed="0" total="2" passed="2">
  <reporter-output>
  </reporter-output>
  <suite name="Default suite" duration-ms="26686" started-at="2016-10-09T12:04:19Z" finished-at="2016-10-09T12:04:46Z">
    <groups>
    </groups>
    <test name="Default test" duration-ms="26686" started-at="2016-10-09T12:04:19Z" finished-at="2016-10-09T12:04:46Z">
      <class name="egged.hourbank.automationframework.AutoAllocation">
        <test-method status="PASS" signature="createDriver()[pri:0, instance:egged.hourbank.automationframework.AutoAllocation@babb1]" name="createDriver" is-config="true" duration-ms="2834" started-at="2016-10-09T15:04:19Z" finished-at="2016-10-09T15:04:22Z">
          <reporter-output>
          </reporter-output>
        </test-method> <!-- createDriver -->
        <test-method status="PASS" signature="beforeMethod()[pri:0, instance:egged.hourbank.automationframework.AutoAllocation@babb1]" name="beforeMethod" is-config="true" duration-ms="9" started-at="2016-10-09T15:04:22Z" finished-at="2016-10-09T15:04:22Z">
          <reporter-output>
          </reporter-output>
        </test-method> <!-- beforeMethod -->
        <test-method status="PASS" signature="autoAllocationPlan()[pri:0, instance:egged.hourbank.automationframework.AutoAllocation@babb1]" name="autoAllocationPlan" duration-ms="10433" started-at="2016-10-09T15:04:22Z" finished-at="2016-10-09T15:04:32Z">
          <reporter-output>
          </reporter-output>
        </test-method> <!-- autoAllocationPlan -->
        <test-method status="PASS" signature="tearDownDriver()[pri:0, instance:egged.hourbank.automationframework.AutoAllocation@babb1]" name="tearDownDriver" is-config="true" duration-ms="920" started-at="2016-10-09T15:04:32Z" finished-at="2016-10-09T15:04:33Z">
          <reporter-output>
          </reporter-output>
        </test-method> <!-- tearDownDriver -->
        <test-method status="PASS" signature="createDriver()[pri:0, instance:egged.hourbank.automationframework.AutoAllocation@babb1]" name="createDriver" is-config="true" duration-ms="2099" started-at="2016-10-09T15:04:33Z" finished-at="2016-10-09T15:04:35Z">
          <reporter-output>
          </reporter-output>
        </test-method> <!-- createDriver -->
        <test-method status="PASS" signature="beforeMethod()[pri:0, instance:egged.hourbank.automationframework.AutoAllocation@babb1]" name="beforeMethod" is-config="true" duration-ms="1" started-at="2016-10-09T15:04:35Z" finished-at="2016-10-09T15:04:35Z">
          <reporter-output>
          </reporter-output>
        </test-method> <!-- beforeMethod -->
        <test-method status="PASS" signature="autoAllocationActual()[pri:0, instance:egged.hourbank.automationframework.AutoAllocation@babb1]" name="autoAllocationActual" duration-ms="9123" started-at="2016-10-09T15:04:35Z" finished-at="2016-10-09T15:04:44Z">
          <reporter-output>
          </reporter-output>
        </test-method> <!-- autoAllocationActual -->
        <test-method status="PASS" signature="tearDownDriver()[pri:0, instance:egged.hourbank.automationframework.AutoAllocation@babb1]" name="tearDownDriver" is-config="true" duration-ms="1250" started-at="2016-10-09T15:04:45Z" finished-at="2016-10-09T15:04:46Z">
          <reporter-output>
          </reporter-output>
        </test-method> <!-- tearDownDriver -->
      </class> <!-- egged.hourbank.automationframework.AutoAllocation -->
    </test> <!-- Default test -->
  </suite> <!-- Default suite -->
</testng-results>
