<?xml version="1.0" encoding="UTF-8"?>
<!-- Generated by org.testng.reporters.JUnitXMLReporter -->
<testsuite hostname="A23906" name="Default test" tests="2" failures="0" timestamp="9 Oct 2016 12:04:46 GMT" time="26.686" errors="0">
  <testcase name="autoAllocationPlan" time="10.433" classname="egged.hourbank.automationframework.AutoAllocation"/>
  <testcase name="autoAllocationActual" time="9.123" classname="egged.hourbank.automationframework.AutoAllocation"/>
</testsuite> <!-- Default test -->
