<?xml version="1.0" encoding="UTF-8"?>
<!-- Generated by org.testng.reporters.JUnitXMLReporter -->
<testsuite hostname="A23906" name="Budget" tests="9" failures="1" timestamp="8 Oct 2016 18:53:46 GMT" time="128.243" errors="0">
  <testcase name="updateMichsa" time="10.91" classname="egged.hourbank.automationframework.UpdateMichsa">
    <failure type="java.lang.AssertionError" message="expected [לא ניתן לבצע שמירה: סה&amp;apos;&amp;apos;כ המכסות שעודכנו גדול מתקציב השעות הנוספות] but found []">
      <![CDATA[java.lang.AssertionError: expected [לא ניתן לבצע שמירה: סה''כ המכסות שעודכנו גדול מתקציב השעות הנוספות] but found []
	at egged.hourbank.automationframework.UpdateMichsa.updateMichsa(UpdateMichsa.java:82)
... Removed 28 stack frames]]>
    </failure>
  </testcase> <!-- updateMichsa -->
  <testcase name="unDoChanges" time="5.679" classname="egged.hourbank.automationframework.UnDoChanges"/>
  <testcase name="resetMichsa" time="21.621" classname="egged.hourbank.automationframework.ResetMichsa"/>
  <testcase name="linkToKds" time="6.848" classname="egged.hourbank.automationframework.LinkToKds"/>
  <testcase name="autoAllocationPlan" time="7.864" classname="egged.hourbank.automationframework.AutoAllocation"/>
  <testcase name="autoAllocationActual" time="7.912" classname="egged.hourbank.automationframework.AutoAllocation"/>
  <testcase name="chkPrevMonth" time="6.668" classname="egged.hourbank.automationframework.ChkPrevMonth"/>
  <testcase name="chkAutoCompleteShem" time="5.576" classname="egged.hourbank.automationframework.ChkAutoComplete"/>
  <testcase name="chkAutoCompleteMispar" time="5.553" classname="egged.hourbank.automationframework.ChkAutoComplete"/>
</testsuite> <!-- Budget -->
